"../../../../ue_projects/Maze/Content/Blueprints/BP_FirstPersonCharacter.uasset" 0
"../../../Engine/Content/Functions/Engine_MaterialFunctions01/Opacity/CameraDepthFade.uasset" 1
"../../../Engine/Content/EngineMaterials/T_Default_Material_Grid_M.uasset" 2
"../../../Engine/Content/EngineMaterials/T_Default_Material_Grid_N.uasset" 3
"../../../Engine/Content/EngineMaterials/DefaultMaterial.uasset" 4
"../../../Engine/Content/BasicShapes/Cone.uasset" 5
"../../../../ue_projects/Maze/Content/Blueprints/BP_Portal.uasset" 6
"../../../../ue_projects/Maze/Content/Blueprints/BP_GameMode.uasset" 7
"../../../../ue_projects/Maze/Content/Blueprints/FirstPersonCharacter.uasset" 8
"../../../../ue_projects/Maze/Content/Materials/BaseMaterial.uasset" 9
"../../../../ue_projects/Maze/Content/Textures/T_Brick_Clay_New_D.uasset" 10
"../../../../ue_projects/Maze/Content/Textures/T_Brick_Clay_New_M.uasset" 11
"../../../../ue_projects/Maze/Content/Textures/T_Brick_Clay_New_N.uasset" 12
"../../../../ue_projects/Maze/Content/Textures/T_Detail_Rocky_N.uasset" 13
"../../../../ue_projects/Maze/Content/Textures/T_MacroVariation.uasset" 14
"../../../../ue_projects/Maze/Content/Materials/M_Brick_Clay_New.uasset" 15
"../../../../ue_projects/Maze/Content/Textures/T_Metal_Steel_D.uasset" 16
"../../../../ue_projects/Maze/Content/Textures/T_Metal_Steel_N.uasset" 17
"../../../../ue_projects/Maze/Content/Materials/M_Metal_Steel.uasset" 18
"../../../../ue_projects/Maze/Content/Materials/M_Basic_Floor.uasset" 19
"../../../../ue_projects/Maze/Content/Meshes/Floor_400x400.uasset" 20
"../../../../ue_projects/Maze/Content/Shapes/Floor_400x400.uasset" 21
"../../../../ue_projects/Maze/Content/Materials/M_Basic_Wall.uasset" 22
"../../../../ue_projects/Maze/Content/Meshes/Shape_Cube.uasset" 23
"../../../../ue_projects/Maze/Content/Shapes/Shape_Cube.uasset" 24
"../../../Engine/Content/Animation/DefaultAnimCurveCompressionSettings.uasset" 25
"../../../Engine/Content/EngineMaterials/WorldGridMaterial.uasset" 26
"../../../Engine/Content/ArtTools/RenderToTexture/Meshes/S_1_Unit_Plane.uasset" 27
"../../../Engine/Content/BasicShapes/Cube.uasset" 28
"../../../Engine/Content/BasicShapes/Cylinder.uasset" 29
"../../../Engine/Content/BasicShapes/Plane.uasset" 30
"../../../Engine/Content/BasicShapes/Sphere.uasset" 31
"../../../Engine/Content/EditorLandscapeResources/DataLayer.uasset" 32
"../../../Engine/Content/EditorMaterials/MAT_Groups_Toggle.uasset" 33
"../../../Engine/Content/EditorMaterials/MAT_Groups_Visibility.uasset" 34
"../../../Engine/Content/EditorMaterials/PreviewShadowIndicator.uasset" 35
"../../../Engine/Content/EditorMaterials/PreviewShadowIndicatorMaterial.uasset" 36
"../../../Engine/Content/EditorMaterials/MatineeGroups/MAT_ColorTrack.uasset" 37
"../../../Engine/Content/EditorMaterials/MatineeGroups/MAT_Groups_Anim.uasset" 38
"../../../Engine/Content/EditorMaterials/MatineeGroups/MAT_Groups_AudioMaster.uasset" 39
"../../../Engine/Content/EditorMaterials/MatineeGroups/MAT_Groups_Director.uasset" 40
"../../../Engine/Content/EditorMaterials/MatineeGroups/MAT_Groups_Event.uasset" 41
"../../../Engine/Content/EditorMaterials/MatineeGroups/MAT_Groups_Fade.uasset" 42
"../../../Engine/Content/EditorMaterials/MatineeGroups/MAT_Groups_Float.uasset" 43
"../../../Engine/Content/EditorMaterials/MatineeGroups/MAT_Groups_Move.uasset" 44
"../../../Engine/Content/EditorMaterials/MatineeGroups/MAT_Groups_Slomo.uasset" 45
"../../../Engine/Content/EditorMaterials/MatineeGroups/MAT_Groups_Sound.uasset" 46
"../../../Engine/Content/EditorMaterials/MatineeGroups/MAT_Groups_Vector.uasset" 47
"../../../Engine/Content/EditorMaterials/ParticleSystems/PSysThumbnail_NoImage.uasset" 48
"../../../Engine/Content/EditorMaterials/ParticleSystems/PSysThumbnail_OOD.uasset" 49
"../../../Engine/Content/EditorMaterials/Camera/CineMat.uasset" 50
"../../../Engine/Content/EditorMaterials/Camera/MI_CineMat_Rig.uasset" 51
"../../../Engine/Content/EditorMeshes/Camera/SM_CraneRig_Arm.uasset" 52
"../../../Engine/Content/EditorMeshes/Camera/SM_CraneRig_Base.uasset" 53
"../../../Engine/Content/EditorMeshes/Camera/SM_CraneRig_Body.uasset" 54
"../../../Engine/Content/EditorMeshes/Camera/SM_CraneRig_Mount.uasset" 55
"../../../Engine/Content/EditorMeshes/Camera/SM_RailRig_Mount.uasset" 56
"../../../Engine/Content/EditorMeshes/Camera/SM_RailRig_Track.uasset" 57
"../../../Engine/Content/EditorResources/BSPVertex.uasset" 58
"../../../Engine/Content/EditorResources/EmptyActor.uasset" 59
"../../../Engine/Content/EditorResources/S_Actor.uasset" 60
"../../../Engine/Content/EditorResources/S_Note.uasset" 61
"../../../Engine/Content/EditorResources/S_Solver.uasset" 62
"../../../Engine/Content/EditorResources/S_Trigger.uasset" 63
"../../../Engine/Content/EditorResources/SequenceRecorder/Countdown.uasset" 64
"../../../Engine/Content/EditorResources/SequenceRecorder/RecordingIndicator.uasset" 65
"../../../Engine/Content/EditorSounds/Notifications/CompileFailed.uasset" 66
"../../../Engine/Content/EditorSounds/Notifications/CompileFailed_Cue.uasset" 67
"../../../Engine/Content/EditorSounds/Notifications/CompileSuccess.uasset" 68
"../../../Engine/Content/EditorSounds/Notifications/CompileStart_Cue.uasset" 69
"../../../Engine/Content/EditorSounds/Notifications/CompileSuccess_Cue.uasset" 70
"../../../Engine/Content/EngineDamageTypes/DmgTypeBP_Environmental.uasset" 71
"../../../Engine/Content/EngineDebugMaterials/DebugEditorMaterial.uasset" 72
"../../../Engine/Content/EngineDebugMaterials/DebugMeshMaterial.uasset" 73
"../../../Engine/Content/EngineDebugMaterials/M_SimpleUnlitTranslucent.uasset" 74
"../../../Engine/Content/Functions/Engine_MaterialFunctions02/Utility/CameraDirectionVector.uasset" 75
"../../../Engine/Content/EngineDebugMaterials/VolumeToRender.uasset" 76
"../../../Engine/Content/EngineDebugMaterials/M_VolumeRenderSphereTracePP.uasset" 77
"../../../Engine/Content/EngineDebugMaterials/WireframeMaterial.uasset" 78
"../../../Engine/Content/EngineFonts/Faces/DroidSansFallback.uasset" 79
"../../../Engine/Content/EngineFonts/Faces/RobotoBold.uasset" 80
"../../../Engine/Content/EngineFonts/Faces/RobotoBoldItalic.uasset" 81
"../../../Engine/Content/EngineFonts/Faces/RobotoItalic.uasset" 82
"../../../Engine/Content/EngineFonts/Faces/RobotoLight.uasset" 83
"../../../Engine/Content/EngineFonts/Faces/RobotoRegular.uasset" 84
"../../../Engine/Content/EngineFonts/Roboto.uasset" 85
"../../../Engine/Content/EngineMaterials/BaseFlattenDiffuseMap.uasset" 86
"../../../Engine/Content/EngineMaterials/BaseFlattenEmissiveMap.uasset" 87
"../../../Engine/Content/EngineMaterials/BaseFlattenGrayscaleMap.uasset" 88
"../../../Engine/Content/EngineMaterials/BaseFlattenNormalMap.uasset" 89
"../../../Engine/Content/EngineMaterials/BaseFlattenMaterial.uasset" 90
"../../../Engine/Content/EngineMaterials/BlueNoise.uasset" 91
"../../../Engine/Content/EngineMaterials/DefaultBloomKernel.uasset" 92
"../../../Engine/Content/EngineMaterials/DefaultBokeh.uasset" 93
"../../../Engine/Content/EngineMaterials/DefaultDiffuse.uasset" 94
"../../../Engine/Content/EngineMaterials/DefaultDeferredDecalMaterial.uasset" 95
"../../../Engine/Content/EngineMaterials/DefaultLightFunctionMaterial.uasset" 96
"../../../Engine/Content/EngineMaterials/DefaultPhysicalMaterial.uasset" 97
"../../../Engine/Content/Functions/Engine_MaterialFunctions02/Utility/BreakOutFloat2Components.uasset" 98
"../../../Engine/Content/EngineMaterials/DefaultPostProcessMaterial.uasset" 99
"../../../Engine/Content/EngineFonts/RobotoDistanceField.uasset" 100
"../../../Engine/Content/EngineMaterials/DefaultTextMaterialOpaque.uasset" 101
"../../../Engine/Content/EngineMaterials/DefaultWhiteGrid.uasset" 102
"../../../Engine/Content/EngineMaterials/DefaultWhiteGrid_Low.uasset" 103
"../../../Engine/Content/EngineMaterials/EmissiveMeshMaterial.uasset" 104
"../../../Engine/Content/EngineMaterials/GizmoMaterial.uasset" 105
"../../../Engine/Content/EngineMaterials/Good64x64TilingNoiseHighFreq.uasset" 106
"../../../Engine/Content/EngineMaterials/MiniFont.uasset" 107
"../../../Engine/Content/EngineMaterials/InvalidLightmapSettings.uasset" 108
"../../../Engine/Content/EngineMaterials/M_InvalidLightmapSettings.uasset" 109
"../../../Engine/Content/Functions/Engine_MaterialFunctions02/WorldPositionOffset/CameraOffset.uasset" 110
"../../../Engine/Content/EngineMaterials/PhAT_JointLimitMaterial.uasset" 111
"../../../Engine/Content/EngineMaterials/PreintegratedSkinBRDF.uasset" 112
"../../../Engine/Content/EngineMaterials/RemoveSurfaceMaterial.uasset" 113
"../../../Engine/Content/EngineMaterials/WeightMapPlaceholderTexture.uasset" 114
"../../../Engine/Content/EngineResources/WhiteSquareTexture.uasset" 115
"../../../Engine/Content/EngineMaterials/Widget3DPassThrough.uasset" 116
"../../../Engine/Content/EngineMaterials/Widget3DPassThrough_Masked.uasset" 117
"../../../Engine/Content/EngineMaterials/Widget3DPassThrough_Opaque.uasset" 118
"../../../Engine/Content/EngineMaterials/Widget3DPassThrough_Masked_OneSided.uasset" 119
"../../../Engine/Content/EngineMaterials/Widget3DPassThrough_Opaque_OneSided.uasset" 120
"../../../Engine/Content/EngineMaterials/Widget3DPassThrough_Translucent.uasset" 121
"../../../Engine/Content/EngineMaterials/Widget3DPassThrough_Translucent_OneSided.uasset" 122
"../../../Engine/Content/EngineMeshes/Cylinder.uasset" 123
"../../../Engine/Content/EngineMeshes/Sphere.uasset" 124
"../../../Engine/Content/EngineResources/Black.uasset" 125
"../../../Engine/Content/EngineResources/DefaultTexture.uasset" 126
"../../../Engine/Content/EngineResources/DefaultTextureCube.uasset" 127
"../../../Engine/Content/EngineResources/DefaultVolumeTexture2D.uasset" 128
"../../../Engine/Content/EngineResources/DefaultVolumeTexture.uasset" 129
"../../../Engine/Content/EngineResources/GradientTexture0.uasset" 130
"../../../Engine/Content/EngineSounds/Master.uasset" 131
"../../../Engine/Content/Functions/Engine_MaterialFunctions01/Shading/ConvertFromDiffSpec.uasset" 132
"../../../Engine/Content/Functions/Engine_MaterialFunctions01/Shading/PowerToRoughness.uasset" 133
"../../../Engine/Content/Maps/Templates/Thumbnails/Default.uasset" 134
"../../../Engine/Content/Maps/Templates/Thumbnails/TimeOfDay.uasset" 135
"../../../Engine/Content/Maps/Templates/Thumbnails/VR-Basic.uasset" 136
"../../../Engine/Content/MobileResources/T_MobileControls_texture.uasset" 137
"../../../Engine/Content/MobileResources/T_MobileMenu2.uasset" 138
"../../../Engine/Content/MobileResources/HUD/AnalogHat.uasset" 139
"../../../Engine/Content/MobileResources/HUD/VirtualJoystick_Background.uasset" 140
"../../../Engine/Content/MobileResources/HUD/VirtualJoystick_Thumb.uasset" 141
"../../../Engine/Content/MobileResources/HUD/DefaultVirtualJoysticks.uasset" 142
"../../../Engine/Content/MobileResources/HUD/LeftVirtualJoystickOnly.uasset" 143
"../../../Engine/Content/MobileResources/HUD/MobileHUDButton1_off.uasset" 144
"../../../Engine/Content/MobileResources/HUD/MobileHUDButton1_on.uasset" 145
"../../../Engine/Content/MobileResources/HUD/MobileHUDButton2_off.uasset" 146
"../../../Engine/Content/MobileResources/HUD/MobileHUDButton2_on.uasset" 147
"../../../Engine/Content/MobileResources/HUD/MobileHUDButton3.uasset" 148
"../../../Engine/Content/MobileResources/HUD/MobileHUDButtonFire.uasset" 149
"../../../Engine/Content/MobileResources/HUD/MobileHUDDirectionPad.uasset" 150
"../../../Engine/Content/MobileResources/HUD/MobileHUDDirectionPad2.uasset" 151
"../../../Engine/Content/MobileResources/HUD/MobileHUDDirectionPad3.uasset" 152
"../../../Engine/Content/MobileResources/HUD/MobileHUDDirectionStick.uasset" 153
"../../../Engine/Content/MobileResources/HUD/T_Castle_ThumbstickInner.uasset" 154
"../../../Engine/Content/MobileResources/HUD/T_Castle_ThumbstickOutter.uasset" 155
"../../../Engine/Content/Tutorial/ContentIntroCurve.uasset" 156
"../../../Engine/Content/Tutorial/Basics/LevelEditorAttract.uasset" 157
"../../../Engine/Content/Tutorial/Basics/TutorialAssets/icon_tab_Levels_40x.uasset" 158
"../../../Engine/Content/Tutorial/Basics/LevelEditorOverview.uasset" 159
"../../../Engine/Content/Tutorial/BlueprintTutorials/TutorialAssets/Blueprint_64x.uasset" 160
"../../../Engine/Content/Tutorial/BlueprintTutorials/BlueprintEditorTutorial.uasset" 161
"../../../Engine/Content/VREditor/LaserPointer/VR_LaserPower_01.uasset" 162
"../../../Engine/Content/VREditor/TransformGizmo/TransformGizmoMaterial.uasset" 163
"../../../Engine/Content/VREditor/TransformGizmo/TranslucentTransformGizmoMaterial.uasset" 164
"../../../Engine/Content/VREditor/TransformGizmo/BoundingBoxCorner.uasset" 165
"../../../Engine/Content/VREditor/TransformGizmo/BoundingBoxEdge.uasset" 166
"../../../Engine/Content/VREditor/TransformGizmo/PlaneTranslationHandle.uasset" 167
"../../../Engine/Content/VREditor/TransformGizmo/Main.uasset" 168
"../../../Engine/Content/VREditor/TransformGizmo/Xray.uasset" 169
"../../../Engine/Content/VREditor/TransformGizmo/SM_Sequencer_Key.uasset" 170
"../../../Engine/Content/VREditor/TransformGizmo/SM_Sequencer_Node.uasset" 171
"../../Plugins/FX/Niagara/Content/Enums/ENiagaraBooleanLogicOps.uasset" 172
"../../Plugins/FX/Niagara/Content/Enums/ENiagaraCoordinateSpace.uasset" 173
"../../Plugins/FX/Niagara/Content/Enums/ENiagaraExpansionMode.uasset" 174
"../../Plugins/FX/Niagara/Content/Enums/ENiagaraOrientationAxis.uasset" 175
"../../Plugins/FX/Niagara/Content/Enums/ENiagaraRandomnessMode.uasset" 176
"../../../Engine/Content/Functions/Engine_MaterialFunctions02/Utility/BreakOutFloat4Components.uasset" 177
"../../../Engine/Content/Functions/Engine_MaterialFunctions02/Utility/MakeFloat2.uasset" 178
"../../../Engine/Content/Functions/Engine_MaterialFunctions02/Utility/MakeFloat3.uasset" 179
"../../Plugins/Runtime/Oculus/OculusVR/Content/Materials/OculusMR_ChromaKey.uasset" 180
"../../Plugins/Runtime/Oculus/OculusVR/Content/Materials/OculusMR_ChromaKey_Lit.uasset" 181
"../../Plugins/Runtime/Oculus/OculusVR/Content/Materials/OculusMR_OpaqueColoredMaterial.uasset" 182
"../../Plugins/Runtime/Oculus/OculusVR/Content/Materials/OculusMR_WhiteMaterial.uasset" 183
"../../../Engine/Content/EditorBlueprintResources/StandardMacros.uasset" 184
"../../../Engine/Content/EngineSky/C_Sky_Cloud_Color.uasset" 185
"../../../Engine/Content/EngineSky/C_Sky_Horizon_Color.uasset" 186
"../../../Engine/Content/EngineSky/C_Sky_Zenith_Color.uasset" 187
"../../../Engine/Content/EngineSky/T_Sky_Blue.uasset" 188
"../../../Engine/Content/EngineSky/T_Sky_Clouds_M.uasset" 189
"../../../Engine/Content/EngineSky/T_Sky_Stars.uasset" 190
"../../../Engine/Content/EngineSky/M_Sky_Panning_Clouds2.uasset" 191
"../../../Engine/Content/EngineSky/SM_SkySphere.uasset" 192
"../../../Engine/Content/EngineSky/BP_Sky_Sphere.uasset" 193
"../../../../ue_projects/Maze/Content/Blueprints/BP_Ground.uasset" 194
"../../../../ue_projects/Maze/Content/Textures/T_Ground_Grass_D.uasset" 195
"../../../../ue_projects/Maze/Content/Textures/T_Ground_Grass_N.uasset" 196
"../../../../ue_projects/Maze/Content/Textures/T_Perlin_Noise_M.uasset" 197
"../../../../ue_projects/Maze/Content/Materials/M_Ground_Grass.uasset" 198
"../../../../ue_projects/Maze/Content/Blueprints/BP_StartTile.uasset" 199
"../../../Engine/Content/BasicShapes/Cube1.uasset" 200
"../../../../ue_projects/Maze/Content/Blueprints/BP_Wall.uasset" 201
"../../../../ue_projects/Maze/Content/Blueprints/BP_MazeGenerator.uasset" 202
"../../../../ue_projects/Maze/Content/Maps/Level1_BuiltData.uasset" 203
"../../../../ue_projects/Maze/Content/Maps/Level1.umap" 204
"../../../Engine/Content/Maps/Entry_BuiltData.uasset" 205
"../../../Engine/Content/Maps/Entry.umap" 206
